<?xml version="1.0" encoding="UTF-8"?>
<testsuite xmlns:xsi="http://www.w3.org/2001/XMLSchema-instance" xsi:noNamespaceSchemaLocation="https://maven.apache.org/surefire/maven-surefire-plugin/xsd/surefire-test-report-3.0.xsd" version="3.0" name="esd.academia.AcademiaaApplicationTests" time="6.015" tests="1" errors="0" skipped="0" failures="0">
  <properties>
[...]
</properties>
  <testcase name="contextLoads" classname="esd.academia.AcademiaaApplicationTests" time="0.464">
    <system-out><![CDATA[15:27:57.451 [main] INFO org.springframework.test.context.support.AnnotationConfigContextLoaderUtils -- Could not detect default configuration classes for test class [esd.academia.AcademiaaApplicationTests]: AcademiaaApplicationTests does not declare any static, non-private, non-final, nested classes annotated with @Configuration.
15:27:57.532 [main] INFO org.springframework.boot.test.context.SpringBootTestContextBootstrapper -- Found @SpringBootConfiguration esd.academia.AcademiaaApplication for test class esd.academia.AcademiaaApplicationTests

  .   ____          _            __ _ _
 /\\ / ___'_ __ _ _(_)_ __  __ _ \ \ \ \
( ( )\___ | '_ | '_| | '_ \/ _` | \ \ \ \
 \\/  ___)| |_)| | | | | || (_| |  ) ) ) )
  '  |____| .__|_| |_|_| |_\__, | / / / /
 =========|_|==============|___/=/_/_/_/
 :: Spring Boot ::                (v3.2.0)

2023-12-11T15:27:57.857+05:30  INFO 22778 --- [           main] esd.academia.AcademiaaApplicationTests   : Starting AcademiaaApplicationTests using Java 17.0.9 with PID 22778 (started by shubhanshu in /home/shubhanshu/Desktop/College/Spe/pakka_final/backend)
2023-12-11T15:27:57.859+05:30  INFO 22778 --- [           main] esd.academia.AcademiaaApplicationTests   : No active profile set, falling back to 1 default profile: "default"
2023-12-11T15:27:58.372+05:30  INFO 22778 --- [           main] .s.d.r.c.RepositoryConfigurationDelegate : Bootstrapping Spring Data JPA repositories in DEFAULT mode.
2023-12-11T15:27:58.435+05:30  INFO 22778 --- [           main] .s.d.r.c.RepositoryConfigurationDelegate : Finished Spring Data repository scanning in 57 ms. Found 5 JPA repository interfaces.
2023-12-11T15:27:58.787+05:30  INFO 22778 --- [           main] o.hibernate.jpa.internal.util.LogHelper  : HHH000204: Processing PersistenceUnitInfo [name: default]
2023-12-11T15:27:58.822+05:30  INFO 22778 --- [           main] org.hibernate.Version                    : HHH000412: Hibernate ORM core version 6.3.1.Final
2023-12-11T15:27:58.858+05:30  INFO 22778 --- [           main] o.h.c.internal.RegionFactoryInitiator    : HHH000026: Second-level cache disabled
2023-12-11T15:27:59.063+05:30  INFO 22778 --- [           main] o.s.o.j.p.SpringPersistenceUnitInfo      : No LoadTimeWeaver setup: ignoring JPA class transformer
2023-12-11T15:27:59.080+05:30  INFO 22778 --- [           main] com.zaxxer.hikari.HikariDataSource       : HikariPool-1 - Starting...
2023-12-11T15:27:59.263+05:30  INFO 22778 --- [           main] com.zaxxer.hikari.pool.HikariPool        : HikariPool-1 - Added connection com.mysql.cj.jdbc.ConnectionImpl@1e734eee
2023-12-11T15:27:59.265+05:30  INFO 22778 --- [           main] com.zaxxer.hikari.HikariDataSource       : HikariPool-1 - Start completed.
2023-12-11T15:27:59.304+05:30  WARN 22778 --- [           main] org.hibernate.orm.deprecation            : HHH90000025: MySQLDialect does not need to be specified explicitly using 'hibernate.dialect' (remove the property setting and it will be selected by default)
2023-12-11T15:28:00.156+05:30  INFO 22778 --- [           main] o.h.e.t.j.p.i.JtaPlatformInitiator       : HHH000489: No JTA platform available (set 'hibernate.transaction.jta.platform' to enable JTA platform integration)
2023-12-11T15:28:01.912+05:30  INFO 22778 --- [           main] j.LocalContainerEntityManagerFactoryBean : Initialized JPA EntityManagerFactory for persistence unit 'default'
2023-12-11T15:28:02.136+05:30  INFO 22778 --- [           main] o.s.d.j.r.query.QueryEnhancerFactory     : Hibernate is in classpath; If applicable, HQL parser will be used.
2023-12-11T15:28:02.361+05:30  WARN 22778 --- [           main] JpaBaseConfiguration$JpaWebConfiguration : spring.jpa.open-in-view is enabled by default. Therefore, database queries may be performed during view rendering. Explicitly configure spring.jpa.open-in-view to disable this warning
2023-12-11T15:28:02.751+05:30  INFO 22778 --- [           main] esd.academia.AcademiaaApplicationTests   : Started AcademiaaApplicationTests in 5.088 seconds (process running for 6.159)
]]></system-out>
  </testcase>
</testsuite>